c:\uta\onedrive - university of texas at arlington\uta\ahb25 sim cookbook\src_deliverables\vtdatex_tcpip\sc_dll\x64\debug 64\vc142.pdb
c:\uta\onedrive - university of texas at arlington\uta\ahb25 sim cookbook\src_deliverables\vtdatex_tcpip\sc_dll\x64\debug 64\sc_interface.obj
c:\uta\onedrive - university of texas at arlington\uta\ahb25 sim cookbook\src_deliverables\vtdatex_tcpip\sc_dll\x64\debug 64\sc_dll_main.obj
c:\uta\onedrive - university of texas at arlington\uta\ahb25 sim cookbook\src_deliverables\vtdatex_tcpip\sc_dll\x64\debug 64\sc_dll_functions.obj
c:\uta\onedrive - university of texas at arlington\uta\ahb25 sim cookbook\src_deliverables\vtdatex_tcpip\sc_dll\x64\debug 64\lsa_rahm.obj
c:\uta\onedrive - university of texas at arlington\uta\ahb25 sim cookbook\src_deliverables\vtdatex_tcpip\sc_dll\x64\debug 64\lsa_puff.obj
c:\uta\onedrive - university of texas at arlington\uta\ahb25 sim cookbook\src_deliverables\vtdatex_tcpip\sc_dll\x64\debug 64\lsa_fehl.obj
c:\uta\onedrive - university of texas at arlington\uta\ahb25 sim cookbook\src_deliverables\vtdatex_tcpip\x64\debug 64\vtdatex_tcp.ilk
c:\uta\onedrive - university of texas at arlington\uta\ahb25 sim cookbook\src_deliverables\vtdatex_tcpip\x64\debug 64\vtdatex_tcp.dll
c:\uta\onedrive - university of texas at arlington\uta\ahb25 sim cookbook\src_deliverables\vtdatex_tcpip\x64\debug 64\vtdatex_tcp.pdb
c:\uta\onedrive - university of texas at arlington\uta\ahb25 sim cookbook\src_deliverables\vtdatex_tcpip\sc_dll\x64\debug 64\lsa_ra_e.res
c:\uta\onedrive - university of texas at arlington\uta\ahb25 sim cookbook\src_deliverables\vtdatex_tcpip\x64\debug 64\vtdatex_tcp.lib
c:\uta\onedrive - university of texas at arlington\uta\ahb25 sim cookbook\src_deliverables\vtdatex_tcpip\x64\debug 64\vtdatex_tcp.exp
c:\uta\onedrive - university of texas at arlington\uta\ahb25 sim cookbook\src_deliverables\vtdatex_tcpip\sc_dll\x64\debug 64\vtdatex_tcp.tlog\cl.command.1.tlog
c:\uta\onedrive - university of texas at arlington\uta\ahb25 sim cookbook\src_deliverables\vtdatex_tcpip\sc_dll\x64\debug 64\vtdatex_tcp.tlog\cl.read.1.tlog
c:\uta\onedrive - university of texas at arlington\uta\ahb25 sim cookbook\src_deliverables\vtdatex_tcpip\sc_dll\x64\debug 64\vtdatex_tcp.tlog\cl.write.1.tlog
c:\uta\onedrive - university of texas at arlington\uta\ahb25 sim cookbook\src_deliverables\vtdatex_tcpip\sc_dll\x64\debug 64\vtdatex_tcp.tlog\link.command.1.tlog
c:\uta\onedrive - university of texas at arlington\uta\ahb25 sim cookbook\src_deliverables\vtdatex_tcpip\sc_dll\x64\debug 64\vtdatex_tcp.tlog\link.read.1.tlog
c:\uta\onedrive - university of texas at arlington\uta\ahb25 sim cookbook\src_deliverables\vtdatex_tcpip\sc_dll\x64\debug 64\vtdatex_tcp.tlog\link.write.1.tlog
c:\uta\onedrive - university of texas at arlington\uta\ahb25 sim cookbook\src_deliverables\vtdatex_tcpip\sc_dll\x64\debug 64\vtdatex_tcp.tlog\rc.command.1.tlog
c:\uta\onedrive - university of texas at arlington\uta\ahb25 sim cookbook\src_deliverables\vtdatex_tcpip\sc_dll\x64\debug 64\vtdatex_tcp.tlog\rc.read.1.tlog
c:\uta\onedrive - university of texas at arlington\uta\ahb25 sim cookbook\src_deliverables\vtdatex_tcpip\sc_dll\x64\debug 64\vtdatex_tcp.tlog\rc.write.1.tlog
c:\uta\onedrive - university of texas at arlington\uta\ahb25 sim cookbook\src_deliverables\vtdatex_tcpip\sc_dll\x64\debug 64\vtdatex_tcp.tlog\vtdatex_tcp.write.1u.tlog
