                  Warning	Simulation second 286.0: After 60.0 seconds of waiting for lane change the vehicle 205 (on Static Vehicle Route 3 - 1) was removed from link 8 at position 156.9.	Network object type: Vehicle	Network object keys: 205
                  Warning	Simulation second 350.8: After 60.0 seconds of waiting for lane change the vehicle 211 (on Static Vehicle Route 3 - 1) was removed from link 8 at position 156.9.	Network object type: Vehicle	Network object keys: 211
                  Warning	Simulation second 418.6: After 60.0 seconds of waiting for lane change the vehicle 239 (on Static Vehicle Route 3 - 1) was removed from link 8 at position 156.9.	Network object type: Vehicle	Network object keys: 239
                  Warning	Simulation second 483.3: After 60.0 seconds of waiting for lane change the vehicle 243 (on Static Vehicle Route 3 - 1) was removed from link 8 at position 156.9.	Network object type: Vehicle	Network object keys: 243
                  Warning	Simulation second 548.1: After 60.0 seconds of waiting for lane change the vehicle 245 (on Static Vehicle Route 3 - 1) was removed from link 8 at position 156.9.	Network object type: Vehicle	Network object keys: 245
                  Warning	Simulation second 562.1: After 60.0 seconds of waiting for lane change the vehicle 351 (on Static Vehicle Route 2 - 3) was removed from link 2 at position 99.3.	Network object type: Vehicle	Network object keys: 351
                  Warning	Simulation second 612.8: After 60.0 seconds of waiting for lane change the vehicle 251 (on Static Vehicle Route 3 - 1) was removed from link 8 at position 156.9.	Network object type: Vehicle	Network object keys: 251
                  Warning	Simulation second 629.2: After 60.0 seconds of waiting for lane change the vehicle 353 (on Static Vehicle Route 2 - 3) was removed from link 2 at position 99.3.	Network object type: Vehicle	Network object keys: 353
                  Warning	Simulation second 680.6: After 60.0 seconds of waiting for lane change the vehicle 252 (on Static Vehicle Route 3 - 1) was removed from link 8 at position 156.9.	Network object type: Vehicle	Network object keys: 252
                  Warning	Simulation second 745.4: After 60.0 seconds of waiting for lane change the vehicle 261 (on Static Vehicle Route 3 - 1) was removed from link 8 at position 156.9.	Network object type: Vehicle	Network object keys: 261
                  Warning	Simulation second 768.7: After 60.0 seconds of waiting for lane change the vehicle 303 (on Static Vehicle Route 3 - 3) was removed from link 8 at position 46.5.	Network object type: Vehicle	Network object keys: 303
                  Warning	Simulation second 810.1: After 60.0 seconds of waiting for lane change the vehicle 263 (on Static Vehicle Route 3 - 1) was removed from link 8 at position 156.9.	Network object type: Vehicle	Network object keys: 263
                  Warning	Simulation second 874.8: After 60.0 seconds of waiting for lane change the vehicle 265 (on Static Vehicle Route 3 - 1) was removed from link 8 at position 156.9.	Network object type: Vehicle	Network object keys: 265
                  Warning	Simulation second 939.4: After 60.0 seconds of waiting for lane change the vehicle 262 (on Static Vehicle Route 3 - 1) was removed from link 8 at position 156.9.	Network object type: Vehicle	Network object keys: 262
                  Warning	Simulation second 1004.2: After 60.0 seconds of waiting for lane change the vehicle 268 (on Static Vehicle Route 3 - 1) was removed from link 8 at position 156.9.	Network object type: Vehicle	Network object keys: 268
                  Warning	Simulation second 1069.0: After 60.0 seconds of waiting for lane change the vehicle 271 (on Static Vehicle Route 3 - 1) was removed from link 8 at position 156.9.	Network object type: Vehicle	Network object keys: 271
                  Warning	Simulation second 1133.7: After 60.0 seconds of waiting for lane change the vehicle 273 (on Static Vehicle Route 3 - 1) was removed from link 8 at position 156.9.	Network object type: Vehicle	Network object keys: 273
                  Warning	Simulation second 1198.5: After 60.0 seconds of waiting for lane change the vehicle 270 (on Static Vehicle Route 3 - 1) was removed from link 8 at position 156.9.	Network object type: Vehicle	Network object keys: 270
                  Warning	Simulation second 1263.2: After 60.0 seconds of waiting for lane change the vehicle 274 (on Static Vehicle Route 3 - 1) was removed from link 8 at position 156.9.	Network object type: Vehicle	Network object keys: 274
                  Warning	Simulation second 1328.1: After 60.0 seconds of waiting for lane change the vehicle 278 (on Static Vehicle Route 3 - 1) was removed from link 8 at position 156.9.	Network object type: Vehicle	Network object keys: 278
              fatal error	ExceptionCode = -1073741819 ExceptionFlags = 0 ExceptionAddress = 0x7ffa3837fcb1
              fatal error	The error occurred in line 638 of file c:\build\vissim\vissim110\vissim\vissim\netzwin.cpp in function long __cdecl main_eh(void *,struct XVT2DOTNET::s_event *). Information: not available Stack: 0x000000C45C2FD930 
                     Note	Stop the simulation? : &Yes
                  Warning	Vehicle input 1 could not be finished completely (remain: 167 vehicles).	Network object type: Vehicle Input	Network object keys: 1
                  Warning	Vehicle input 2 could not be finished completely (remain: 89 vehicles).	Network object type: Vehicle Input	Network object keys: 2
                  Warning	Vehicle input 3 could not be finished completely (remain: 472 vehicles).	Network object type: Vehicle Input	Network object keys: 3
                  Warning	Vehicle input 4 could not be finished completely (remain: 397 vehicles).	Network object type: Vehicle Input	Network object keys: 4
                  Warning	Vehicle input 5 could not be finished completely (remain: 26 vehicles).	Network object type: Vehicle Input	Network object keys: 5
                  Warning	Vehicle input 7 could not be finished completely (remain: 17 vehicles).	Network object type: Vehicle Input	Network object keys: 7
                  Warning	Vehicle input 8 could not be finished completely (remain: 8 vehicles).	Network object type: Vehicle Input	Network object keys: 8
                  Warning	Vehicle input 9 could not be finished completely (remain: 27 vehicles).	Network object type: Vehicle Input	Network object keys: 9
